<?xml version="1.0" encoding="UTF-8"?><testsuite errors="1" failures="0" name="Setup data in datahub admin" skipped="0" tests="1" time="33.78" timestamp="2018-02-03T00:07:18.317+02:00[Europe/Kiev]"><testcase name="Check login functionality"><error message="The following error occurred: An unknown server-side error occurred while processing the command. (WARNING: The server did not provide any stacktrace information)&#10;Command duration or timeout: 0 milliseconds&#10;Build info: version: '3.8.1', revision: '6e95a6684b', time: '2017-12-01T18:33:54.468Z'&#10;System info: host: 'MacBook-Pro-Anton.local', ip: 'fe80:0:0:0:1875:7718:1e8b:1d83%en0', os.name: 'Mac OS X', os.arch: 'x86_64', os.version: '10.12.6', java.version: '1.8.0_152'&#10;Driver info: org.openqa.selenium.safari.SafariDriver&#10;Capabilities {applicationCacheEnabled: true, browserName: safari, cleanSession: true, cssSelectorsEnabled: true, databaseEnabled: true, handlesAlerts: true, javascriptEnabled: true, locationContextEnabled: false, nativeEvents: true, platform: MAC, platformName: MAC, rotatable: false, version: 12604.5.6.1.1, webStorageEnabled: true}&#10;Session ID: 9F5395A4-E064-4D02-A8F9-CD9089288032&#10;*** Element info: {Using=xpath, value=//span[@class='logi-font icon-datahub']}&#10;Build info: version: '3.8.1', revision: '6e95a6684b', time: '2017-12-01T18:33:54.468Z'&#10;System info: host: 'MacBook-Pro-Anton.local', ip: 'fe80:0:0:0:1875:7718:1e8b:1d83%en0', os.name: 'Mac OS X', os.arch: 'x86_64', os.version: '10.12.6', java.version: '1.8.0_152'&#10;Driver info: driver.version: unknown" type="org.openqa.selenium.WebDriverException">The following error occurred: An unknown server-side error occurred while processing the command. (WARNING: The server did not provide any stacktrace information)
Command duration or timeout: 0 milliseconds
Build info: version: '3.8.1', revision: '6e95a6684b', time: '2017-12-01T18:33:54.468Z'
System info: host: 'MacBook-Pro-Anton.local', ip: 'fe80:0:0:0:1875:7718:1e8b:1d83%en0', os.name: 'Mac OS X', os.arch: 'x86_64', os.version: '10.12.6', java.version: '1.8.0_152'
Driver info: org.openqa.selenium.safari.SafariDriver
Capabilities {applicationCacheEnabled: true, browserName: safari, cleanSession: true, cssSelectorsEnabled: true, databaseEnabled: true, handlesAlerts: true, javascriptEnabled: true, locationContextEnabled: false, nativeEvents: true, platform: MAC, platformName: MAC, rotatable: false, version: 12604.5.6.1.1, webStorageEnabled: true}
Session ID: 9F5395A4-E064-4D02-A8F9-CD9089288032
*** Element info: {Using=xpath, value=//span[@class='logi-font icon-datahub']}
Build info: version: '3.8.1', revision: '6e95a6684b', time: '2017-12-01T18:33:54.468Z'
System info: host: 'MacBook-Pro-Anton.local', ip: 'fe80:0:0:0:1875:7718:1e8b:1d83%en0', os.name: 'Mac OS X', os.arch: 'x86_64', os.version: '10.12.6', java.version: '1.8.0_152'
Driver info: driver.version: unknown</error><system-err>The following error occurred: An unknown server-side error occurred while processing the command. (WARNING: The server did not provide any stacktrace information)
Command duration or timeout: 0 milliseconds
Build info: version: '3.8.1', revision: '6e95a6684b', time: '2017-12-01T18:33:54.468Z'
System info: host: 'MacBook-Pro-Anton.local', ip: 'fe80:0:0:0:1875:7718:1e8b:1d83%en0', os.name: 'Mac OS X', os.arch: 'x86_64', os.version: '10.12.6', java.version: '1.8.0_152'
Driver info: org.openqa.selenium.safari.SafariDriver
Capabilities {applicationCacheEnabled: true, browserName: safari, cleanSession: true, cssSelectorsEnabled: true, databaseEnabled: true, handlesAlerts: true, javascriptEnabled: true, locationContextEnabled: false, nativeEvents: true, platform: MAC, platformName: MAC, rotatable: false, version: 12604.5.6.1.1, webStorageEnabled: true}
Session ID: 9F5395A4-E064-4D02-A8F9-CD9089288032
*** Element info: {Using=xpath, value=//span[@class='logi-font icon-datahub']}
Build info: version: '3.8.1', revision: '6e95a6684b', time: '2017-12-01T18:33:54.468Z'
System info: host: 'MacBook-Pro-Anton.local', ip: 'fe80:0:0:0:1875:7718:1e8b:1d83%en0', os.name: 'Mac OS X', os.arch: 'x86_64', os.version: '10.12.6', java.version: '1.8.0_152'
Driver info: driver.version: unknown
com.anton.pages.HomePage.userShouldSeeHomeLogo(HomePage.java:20)
com.anton.steps.serenity.EndUserSteps.userShouldSeeHomeLogo(EndUserSteps.java:61)
com.anton.steps.DefinitionSteps.userShouldSeeHomeLogo(DefinitionSteps.java:54)
cucumber.runner.Runner.runPickle(Runner.java:80)
</system-err></testcase></testsuite>